<?xml version="1.0" encoding="UTF-8"?>
<testsuite xmlns:xsi="http://www.w3.org/2001/XMLSchema-instance" xsi:schemaLocation="https://maven.apache.org/surefire/maven-surefire-plugin/xsd/surefire-test-report.xsd" name="com.iworktech.test.Framework.RunChromeWebSuite" time="5.615" tests="2" errors="0" skipped="0" failures="2">
  <properties>
[...]
</properties>
  <testcase name="feature" classname="com.iworktech.test.Framework.RunChromeWebSuite" time="1.912">
    <failure message="java.lang.NullPointerException" type="cucumber.runtime.CucumberException">cucumber.runtime.CucumberException: java.lang.NullPointerException
Caused by: java.lang.NullPointerException
</failure>
    <system-out><![CDATA[Feature: Member Registration
  As a user
  I want to add a member
  Sp that the user should be successfully registered
Chrome
ScreenshotHook YASH
ScreenshotHook HELPER ADDED YASH
ScreenshotHookHELPER YASH
Failure in after hook:ScreenshotHook.embedScreenshot(Scenario)
Message: java.lang.NullPointerException
	at com.iworktech.test.Framework.Screenshot.ScreenshotHook.embedScreenshot(ScreenshotHook.java:44)
	at sun.reflect.NativeMethodAccessorImpl.invoke0(Native Method)
	at sun.reflect.NativeMethodAccessorImpl.invoke(NativeMethodAccessorImpl.java:62)
	at sun.reflect.DelegatingMethodAccessorImpl.invoke(DelegatingMethodAccessorImpl.java:43)
	at java.lang.reflect.Method.invoke(Method.java:498)
	at cucumber.runtime.Utils$1.call(Utils.java:40)
	at cucumber.runtime.Timeout.timeout(Timeout.java:16)
	at cucumber.runtime.Utils.invoke(Utils.java:34)
	at cucumber.runtime.java.JavaHookDefinition.execute(JavaHookDefinition.java:60)
	at cucumber.runtime.Runtime.runHookIfTagsMatch(Runtime.java:224)
	at cucumber.runtime.Runtime.runHooks(Runtime.java:212)
	at cucumber.runtime.Runtime.runAfterHooks(Runtime.java:206)
	at cucumber.runtime.model.CucumberScenario.run(CucumberScenario.java:46)
	at cucumber.runtime.model.CucumberFeature.run(CucumberFeature.java:165)
	at cucumber.api.testng.TestNGCucumberRunner.runCucumber(TestNGCucumberRunner.java:63)
	at cucumber.api.testng.AbstractTestNGCucumberTests.feature(AbstractTestNGCucumberTests.java:21)
	at sun.reflect.NativeMethodAccessorImpl.invoke0(Native Method)
	at sun.reflect.NativeMethodAccessorImpl.invoke(NativeMethodAccessorImpl.java:62)
	at sun.reflect.DelegatingMethodAccessorImpl.invoke(DelegatingMethodAccessorImpl.java:43)
	at java.lang.reflect.Method.invoke(Method.java:498)
	at org.testng.internal.MethodInvocationHelper.invokeMethod(MethodInvocationHelper.java:133)
	at org.testng.internal.TestInvoker.invokeMethod(TestInvoker.java:584)
	at org.testng.internal.TestInvoker.invokeTestMethod(TestInvoker.java:172)
	at org.testng.internal.MethodRunner.runInSequence(MethodRunner.java:46)
	at org.testng.internal.TestInvoker$MethodInvocationAgent.invoke(TestInvoker.java:804)
	at org.testng.internal.TestInvoker.invokeTestMethods(TestInvoker.java:145)
	at org.testng.internal.TestMethodWorker.invokeTestMethods(TestMethodWorker.java:146)
	at org.testng.internal.TestMethodWorker.run(TestMethodWorker.java:128)
	at java.util.ArrayList.forEach(ArrayList.java:1257)
	at org.testng.TestRunner.privateRun(TestRunner.java:770)
	at org.testng.TestRunner.run(TestRunner.java:591)
	at org.testng.SuiteRunner.runTest(SuiteRunner.java:402)
	at org.testng.SuiteRunner.runSequentially(SuiteRunner.java:396)
	at org.testng.SuiteRunner.privateRun(SuiteRunner.java:355)
	at org.testng.SuiteRunner.run(SuiteRunner.java:304)
	at org.testng.SuiteRunnerWorker.runSuite(SuiteRunnerWorker.java:53)
	at org.testng.SuiteRunnerWorker.run(SuiteRunnerWorker.java:96)
	at org.testng.TestNG.runSuitesSequentially(TestNG.java:1180)
	at org.testng.TestNG.runSuitesLocally(TestNG.java:1102)
	at org.testng.TestNG.runSuites(TestNG.java:1032)
	at org.testng.TestNG.run(TestNG.java:1000)
	at org.apache.maven.surefire.testng.TestNGExecutor.run(TestNGExecutor.java:132)
	at org.apache.maven.surefire.testng.TestNGDirectoryTestSuite.executeSingleClass(TestNGDirectoryTestSuite.java:112)
	at org.apache.maven.surefire.testng.TestNGDirectoryTestSuite.execute(TestNGDirectoryTestSuite.java:99)
	at org.apache.maven.surefire.testng.TestNGProvider.invoke(TestNGProvider.java:147)
	at org.apache.maven.surefire.booter.ForkedBooter.invokeProviderInSameClassLoader(ForkedBooter.java:290)
	at org.apache.maven.surefire.booter.ForkedBooter.runSuitesInProcess(ForkedBooter.java:242)
	at org.apache.maven.surefire.booter.ForkedBooter.main(ForkedBooter.java:121)

      java.lang.NullPointerException
      	at com.iworktech.test.Framework.Screenshot.ScreenshotHook.embedScreenshot(ScreenshotHook.java:44)
      	at sun.reflect.NativeMethodAccessorImpl.invoke0(Native Method)
      	at sun.reflect.NativeMethodAccessorImpl.invoke(NativeMethodAccessorImpl.java:62)
      	at sun.reflect.DelegatingMethodAccessorImpl.invoke(DelegatingMethodAccessorImpl.java:43)
      	at java.lang.reflect.Method.invoke(Method.java:498)
      	at cucumber.runtime.Utils$1.call(Utils.java:40)
      	at cucumber.runtime.Timeout.timeout(Timeout.java:16)
      	at cucumber.runtime.Utils.invoke(Utils.java:34)
      	at cucumber.runtime.java.JavaHookDefinition.execute(JavaHookDefinition.java:60)
      	at cucumber.runtime.Runtime.runHookIfTagsMatch(Runtime.java:224)
      	at cucumber.runtime.Runtime.runHooks(Runtime.java:212)
      	at cucumber.runtime.Runtime.runAfterHooks(Runtime.java:206)
      	at cucumber.runtime.model.CucumberScenario.run(CucumberScenario.java:46)
      	at cucumber.runtime.model.CucumberFeature.run(CucumberFeature.java:165)
      	at cucumber.api.testng.TestNGCucumberRunner.runCucumber(TestNGCucumberRunner.java:63)
      	at cucumber.api.testng.AbstractTestNGCucumberTests.feature(AbstractTestNGCucumberTests.java:21)
      	at sun.reflect.NativeMethodAccessorImpl.invoke0(Native Method)
      	at sun.reflect.NativeMethodAccessorImpl.invoke(NativeMethodAccessorImpl.java:62)
      	at sun.reflect.DelegatingMethodAccessorImpl.invoke(DelegatingMethodAccessorImpl.java:43)
      	at java.lang.reflect.Method.invoke(Method.java:498)
      	at org.testng.internal.MethodInvocationHelper.invokeMethod(MethodInvocationHelper.java:133)
      	at org.testng.internal.TestInvoker.invokeMethod(TestInvoker.java:584)
      	at org.testng.internal.TestInvoker.invokeTestMethod(TestInvoker.java:172)
      	at org.testng.internal.MethodRunner.runInSequence(MethodRunner.java:46)
      	at org.testng.internal.TestInvoker$MethodInvocationAgent.invoke(TestInvoker.java:804)
      	at org.testng.internal.TestInvoker.invokeTestMethods(TestInvoker.java:145)
      	at org.testng.internal.TestMethodWorker.invokeTestMethods(TestMethodWorker.java:146)
      	at org.testng.internal.TestMethodWorker.run(TestMethodWorker.java:128)
      	at java.util.ArrayList.forEach(ArrayList.java:1257)
      	at org.testng.TestRunner.privateRun(TestRunner.java:770)
      	at org.testng.TestRunner.run(TestRunner.java:591)
      	at org.testng.SuiteRunner.runTest(SuiteRunner.java:402)
      	at org.testng.SuiteRunner.runSequentially(SuiteRunner.java:396)
      	at org.testng.SuiteRunner.privateRun(SuiteRunner.java:355)
      	at org.testng.SuiteRunner.run(SuiteRunner.java:304)
      	at org.testng.SuiteRunnerWorker.runSuite(SuiteRunnerWorker.java:53)
      	at org.testng.SuiteRunnerWorker.run(SuiteRunnerWorker.java:96)
      	at org.testng.TestNG.runSuitesSequentially(TestNG.java:1180)
      	at org.testng.TestNG.runSuitesLocally(TestNG.java:1102)
      	at org.testng.TestNG.runSuites(TestNG.java:1032)
      	at org.testng.TestNG.run(TestNG.java:1000)
      	at org.apache.maven.surefire.testng.TestNGExecutor.run(TestNGExecutor.java:132)
      	at org.apache.maven.surefire.testng.TestNGDirectoryTestSuite.executeSingleClass(TestNGDirectoryTestSuite.java:112)
      	at org.apache.maven.surefire.testng.TestNGDirectoryTestSuite.execute(TestNGDirectoryTestSuite.java:99)
      	at org.apache.maven.surefire.testng.TestNGProvider.invoke(TestNGProvider.java:147)
      	at org.apache.maven.surefire.booter.ForkedBooter.invokeProviderInSameClassLoader(ForkedBooter.java:290)
      	at org.apache.maven.surefire.booter.ForkedBooter.runSuitesInProcess(ForkedBooter.java:242)
      	at org.apache.maven.surefire.booter.ForkedBooter.main(ForkedBooter.java:121)

Failure in after hook:memberRegistrationStepDef.pleaserun()
Message: java.lang.NullPointerException
	at java.util.Objects.requireNonNull(Objects.java:203)
	at org.openqa.selenium.support.ui.FluentWait.<init>(FluentWait.java:106)
	at org.openqa.selenium.support.ui.WebDriverWait.<init>(WebDriverWait.java:85)
	at org.openqa.selenium.support.ui.WebDriverWait.<init>(WebDriverWait.java:45)
	at com.iworktech.test.Framework.Framework.CommonMethods.<init>(CommonMethods.java:23)
	at com.iworktech.test.Framework.PageObjects.UserRegistration.<init>(UserRegistration.java:13)
	at sun.reflect.NativeConstructorAccessorImpl.newInstance0(Native Method)
	at sun.reflect.NativeConstructorAccessorImpl.newInstance(NativeConstructorAccessorImpl.java:62)
	at sun.reflect.DelegatingConstructorAccessorImpl.newInstance(DelegatingConstructorAccessorImpl.java:45)
	at java.lang.reflect.Constructor.newInstance(Constructor.java:423)
	at org.picocontainer.injectors.AbstractInjector.newInstance(AbstractInjector.java:145)
	at org.picocontainer.injectors.ConstructorInjector$1.run(ConstructorInjector.java:342)
	at org.picocontainer.injectors.AbstractInjector$ThreadLocalCyclicDependencyGuard.observe(AbstractInjector.java:270)
	at org.picocontainer.injectors.ConstructorInjector.getComponentInstance(ConstructorInjector.java:364)
	at org.picocontainer.injectors.AbstractInjectionFactory$LifecycleAdapter.getComponentInstance(AbstractInjectionFactory.java:56)
	at org.picocontainer.behaviors.AbstractBehavior.getComponentInstance(AbstractBehavior.java:64)
	at org.picocontainer.behaviors.Stored.getComponentInstance(Stored.java:91)
	at org.picocontainer.DefaultPicoContainer.getInstance(DefaultPicoContainer.java:699)
	at org.picocontainer.DefaultPicoContainer.getComponent(DefaultPicoContainer.java:647)
	at org.picocontainer.DefaultPicoContainer.getComponent(DefaultPicoContainer.java:632)
	at org.picocontainer.parameters.BasicComponentParameter$1.resolveInstance(BasicComponentParameter.java:118)
	at org.picocontainer.parameters.ComponentParameter$1.resolveInstance(ComponentParameter.java:136)
	at org.picocontainer.injectors.SingleMemberInjector.getParameter(SingleMemberInjector.java:78)
	at org.picocontainer.injectors.ConstructorInjector$CtorAndAdapters.getParameterArguments(ConstructorInjector.java:309)
	at org.picocontainer.injectors.ConstructorInjector$1.run(ConstructorInjector.java:335)
	at org.picocontainer.injectors.AbstractInjector$ThreadLocalCyclicDependencyGuard.observe(AbstractInjector.java:270)
	at org.picocontainer.injectors.ConstructorInjector.getComponentInstance(ConstructorInjector.java:364)
	at org.picocontainer.injectors.AbstractInjectionFactory$LifecycleAdapter.getComponentInstance(AbstractInjectionFactory.java:56)
	at org.picocontainer.behaviors.AbstractBehavior.getComponentInstance(AbstractBehavior.java:64)
	at org.picocontainer.behaviors.Stored.getComponentInstance(Stored.java:91)
	at org.picocontainer.DefaultPicoContainer.getInstance(DefaultPicoContainer.java:699)
	at org.picocontainer.DefaultPicoContainer.getComponent(DefaultPicoContainer.java:647)
	at org.picocontainer.DefaultPicoContainer.getComponent(DefaultPicoContainer.java:678)
	at cucumber.runtime.java.picocontainer.PicoFactory.getInstance(PicoFactory.java:40)
	at cucumber.runtime.java.JavaHookDefinition.execute(JavaHookDefinition.java:60)
	at cucumber.runtime.Runtime.runHookIfTagsMatch(Runtime.java:224)
	at cucumber.runtime.Runtime.runHooks(Runtime.java:212)
	at cucumber.runtime.Runtime.runAfterHooks(Runtime.java:206)
	at cucumber.runtime.model.CucumberScenario.run(CucumberScenario.java:46)
	at cucumber.runtime.model.CucumberFeature.run(CucumberFeature.java:165)
	at cucumber.api.testng.TestNGCucumberRunner.runCucumber(TestNGCucumberRunner.java:63)
	at cucumber.api.testng.AbstractTestNGCucumberTests.feature(AbstractTestNGCucumberTests.java:21)
	at sun.reflect.NativeMethodAccessorImpl.invoke0(Native Method)
	at sun.reflect.NativeMethodAccessorImpl.invoke(NativeMethodAccessorImpl.java:62)
	at sun.reflect.DelegatingMethodAccessorImpl.invoke(DelegatingMethodAccessorImpl.java:43)
	at java.lang.reflect.Method.invoke(Method.java:498)
	at org.testng.internal.MethodInvocationHelper.invokeMethod(MethodInvocationHelper.java:133)
	at org.testng.internal.TestInvoker.invokeMethod(TestInvoker.java:584)
	at org.testng.internal.TestInvoker.invokeTestMethod(TestInvoker.java:172)
	at org.testng.internal.MethodRunner.runInSequence(MethodRunner.java:46)
	at org.testng.internal.TestInvoker$MethodInvocationAgent.invoke(TestInvoker.java:804)
	at org.testng.internal.TestInvoker.invokeTestMethods(TestInvoker.java:145)
	at org.testng.internal.TestMethodWorker.invokeTestMethods(TestMethodWorker.java:146)
	at org.testng.internal.TestMethodWorker.run(TestMethodWorker.java:128)
	at java.util.ArrayList.forEach(ArrayList.java:1257)
	at org.testng.TestRunner.privateRun(TestRunner.java:770)
	at org.testng.TestRunner.run(TestRunner.java:591)
	at org.testng.SuiteRunner.runTest(SuiteRunner.java:402)
	at org.testng.SuiteRunner.runSequentially(SuiteRunner.java:396)
	at org.testng.SuiteRunner.privateRun(SuiteRunner.java:355)
	at org.testng.SuiteRunner.run(SuiteRunner.java:304)
	at org.testng.SuiteRunnerWorker.runSuite(SuiteRunnerWorker.java:53)
	at org.testng.SuiteRunnerWorker.run(SuiteRunnerWorker.java:96)
	at org.testng.TestNG.runSuitesSequentially(TestNG.java:1180)
	at org.testng.TestNG.runSuitesLocally(TestNG.java:1102)
	at org.testng.TestNG.runSuites(TestNG.java:1032)
	at org.testng.TestNG.run(TestNG.java:1000)
	at org.apache.maven.surefire.testng.TestNGExecutor.run(TestNGExecutor.java:132)
	at org.apache.maven.surefire.testng.TestNGDirectoryTestSuite.executeSingleClass(TestNGDirectoryTestSuite.java:112)
	at org.apache.maven.surefire.testng.TestNGDirectoryTestSuite.execute(TestNGDirectoryTestSuite.java:99)
	at org.apache.maven.surefire.testng.TestNGProvider.invoke(TestNGProvider.java:147)
	at org.apache.maven.surefire.booter.ForkedBooter.invokeProviderInSameClassLoader(ForkedBooter.java:290)
	at org.apache.maven.surefire.booter.ForkedBooter.runSuitesInProcess(ForkedBooter.java:242)
	at org.apache.maven.surefire.booter.ForkedBooter.main(ForkedBooter.java:121)

      java.lang.NullPointerException
      	at java.util.Objects.requireNonNull(Objects.java:203)
      	at org.openqa.selenium.support.ui.FluentWait.<init>(FluentWait.java:106)
      	at org.openqa.selenium.support.ui.WebDriverWait.<init>(WebDriverWait.java:85)
      	at org.openqa.selenium.support.ui.WebDriverWait.<init>(WebDriverWait.java:45)
      	at com.iworktech.test.Framework.Framework.CommonMethods.<init>(CommonMethods.java:23)
      	at com.iworktech.test.Framework.PageObjects.UserRegistration.<init>(UserRegistration.java:13)
      	at sun.reflect.NativeConstructorAccessorImpl.newInstance0(Native Method)
      	at sun.reflect.NativeConstructorAccessorImpl.newInstance(NativeConstructorAccessorImpl.java:62)
      	at sun.reflect.DelegatingConstructorAccessorImpl.newInstance(DelegatingConstructorAccessorImpl.java:45)
      	at java.lang.reflect.Constructor.newInstance(Constructor.java:423)
      	at org.picocontainer.injectors.AbstractInjector.newInstance(AbstractInjector.java:145)
      	at org.picocontainer.injectors.ConstructorInjector$1.run(ConstructorInjector.java:342)
      	at org.picocontainer.injectors.AbstractInjector$ThreadLocalCyclicDependencyGuard.observe(AbstractInjector.java:270)
      	at org.picocontainer.injectors.ConstructorInjector.getComponentInstance(ConstructorInjector.java:364)
      	at org.picocontainer.injectors.AbstractInjectionFactory$LifecycleAdapter.getComponentInstance(AbstractInjectionFactory.java:56)
      	at org.picocontainer.behaviors.AbstractBehavior.getComponentInstance(AbstractBehavior.java:64)
      	at org.picocontainer.behaviors.Stored.getComponentInstance(Stored.java:91)
      	at org.picocontainer.DefaultPicoContainer.getInstance(DefaultPicoContainer.java:699)
      	at org.picocontainer.DefaultPicoContainer.getComponent(DefaultPicoContainer.java:647)
      	at org.picocontainer.DefaultPicoContainer.getComponent(DefaultPicoContainer.java:632)
      	at org.picocontainer.parameters.BasicComponentParameter$1.resolveInstance(BasicComponentParameter.java:118)
      	at org.picocontainer.parameters.ComponentParameter$1.resolveInstance(ComponentParameter.java:136)
      	at org.picocontainer.injectors.SingleMemberInjector.getParameter(SingleMemberInjector.java:78)
      	at org.picocontainer.injectors.ConstructorInjector$CtorAndAdapters.getParameterArguments(ConstructorInjector.java:309)
      	at org.picocontainer.injectors.ConstructorInjector$1.run(ConstructorInjector.java:335)
      	at org.picocontainer.injectors.AbstractInjector$ThreadLocalCyclicDependencyGuard.observe(AbstractInjector.java:270)
      	at org.picocontainer.injectors.ConstructorInjector.getComponentInstance(ConstructorInjector.java:364)
      	at org.picocontainer.injectors.AbstractInjectionFactory$LifecycleAdapter.getComponentInstance(AbstractInjectionFactory.java:56)
      	at org.picocontainer.behaviors.AbstractBehavior.getComponentInstance(AbstractBehavior.java:64)
      	at org.picocontainer.behaviors.Stored.getComponentInstance(Stored.java:91)
      	at org.picocontainer.DefaultPicoContainer.getInstance(DefaultPicoContainer.java:699)
      	at org.picocontainer.DefaultPicoContainer.getComponent(DefaultPicoContainer.java:647)
      	at org.picocontainer.DefaultPicoContainer.getComponent(DefaultPicoContainer.java:678)
      	at cucumber.runtime.java.picocontainer.PicoFactory.getInstance(PicoFactory.java:40)
      	at cucumber.runtime.java.JavaHookDefinition.execute(JavaHookDefinition.java:60)
      	at cucumber.runtime.Runtime.runHookIfTagsMatch(Runtime.java:224)
      	at cucumber.runtime.Runtime.runHooks(Runtime.java:212)
      	at cucumber.runtime.Runtime.runAfterHooks(Runtime.java:206)
      	at cucumber.runtime.model.CucumberScenario.run(CucumberScenario.java:46)
      	at cucumber.runtime.model.CucumberFeature.run(CucumberFeature.java:165)
      	at cucumber.api.testng.TestNGCucumberRunner.runCucumber(TestNGCucumberRunner.java:63)
      	at cucumber.api.testng.AbstractTestNGCucumberTests.feature(AbstractTestNGCucumberTests.java:21)
      	at sun.reflect.NativeMethodAccessorImpl.invoke0(Native Method)
      	at sun.reflect.NativeMethodAccessorImpl.invoke(NativeMethodAccessorImpl.java:62)
      	at sun.reflect.DelegatingMethodAccessorImpl.invoke(DelegatingMethodAccessorImpl.java:43)
      	at java.lang.reflect.Method.invoke(Method.java:498)
      	at org.testng.internal.MethodInvocationHelper.invokeMethod(MethodInvocationHelper.java:133)
      	at org.testng.internal.TestInvoker.invokeMethod(TestInvoker.java:584)
      	at org.testng.internal.TestInvoker.invokeTestMethod(TestInvoker.java:172)
      	at org.testng.internal.MethodRunner.runInSequence(MethodRunner.java:46)
      	at org.testng.internal.TestInvoker$MethodInvocationAgent.invoke(TestInvoker.java:804)
      	at org.testng.internal.TestInvoker.invokeTestMethods(TestInvoker.java:145)
      	at org.testng.internal.TestMethodWorker.invokeTestMethods(TestMethodWorker.java:146)
      	at org.testng.internal.TestMethodWorker.run(TestMethodWorker.java:128)
      	at java.util.ArrayList.forEach(ArrayList.java:1257)
      	at org.testng.TestRunner.privateRun(TestRunner.java:770)
      	at org.testng.TestRunner.run(TestRunner.java:591)
      	at org.testng.SuiteRunner.runTest(SuiteRunner.java:402)
      	at org.testng.SuiteRunner.runSequentially(SuiteRunner.java:396)
      	at org.testng.SuiteRunner.privateRun(SuiteRunner.java:355)
      	at org.testng.SuiteRunner.run(SuiteRunner.java:304)
      	at org.testng.SuiteRunnerWorker.runSuite(SuiteRunnerWorker.java:53)
      	at org.testng.SuiteRunnerWorker.run(SuiteRunnerWorker.java:96)
      	at org.testng.TestNG.runSuitesSequentially(TestNG.java:1180)
      	at org.testng.TestNG.runSuitesLocally(TestNG.java:1102)
      	at org.testng.TestNG.runSuites(TestNG.java:1032)
      	at org.testng.TestNG.run(TestNG.java:1000)
      	at org.apache.maven.surefire.testng.TestNGExecutor.run(TestNGExecutor.java:132)
      	at org.apache.maven.surefire.testng.TestNGDirectoryTestSuite.executeSingleClass(TestNGDirectoryTestSuite.java:112)
      	at org.apache.maven.surefire.testng.TestNGDirectoryTestSuite.execute(TestNGDirectoryTestSuite.java:99)
      	at org.apache.maven.surefire.testng.TestNGProvider.invoke(TestNGProvider.java:147)
      	at org.apache.maven.surefire.booter.ForkedBooter.invokeProviderInSameClassLoader(ForkedBooter.java:290)
      	at org.apache.maven.surefire.booter.ForkedBooter.runSuitesInProcess(ForkedBooter.java:242)
      	at org.apache.maven.surefire.booter.ForkedBooter.main(ForkedBooter.java:121)


  @testlocal @failed
  Scenario: Register the user                         # web/memberRegistration.feature:7
    When user is on the site                          # testMe.user_is_on_the_site()
      java.lang.NullPointerException
      	at java.util.Properties$LineReader.readLine(Properties.java:434)
      	at java.util.Properties.load0(Properties.java:353)
      	at java.util.Properties.load(Properties.java:341)
      	at com.iworktech.test.Framework.Framework.Builder.<init>(Builder.java:40)
      	at sun.reflect.NativeConstructorAccessorImpl.newInstance0(Native Method)
      	at sun.reflect.NativeConstructorAccessorImpl.newInstance(NativeConstructorAccessorImpl.java:62)
      	at sun.reflect.DelegatingConstructorAccessorImpl.newInstance(DelegatingConstructorAccessorImpl.java:45)
      	at java.lang.reflect.Constructor.newInstance(Constructor.java:423)
      	at org.picocontainer.injectors.AbstractInjector.newInstance(AbstractInjector.java:145)
      	at org.picocontainer.injectors.ConstructorInjector$1.run(ConstructorInjector.java:342)
      	at org.picocontainer.injectors.AbstractInjector$ThreadLocalCyclicDependencyGuard.observe(AbstractInjector.java:270)
      	at org.picocontainer.injectors.ConstructorInjector.getComponentInstance(ConstructorInjector.java:364)
      	at org.picocontainer.injectors.AbstractInjectionFactory$LifecycleAdapter.getComponentInstance(AbstractInjectionFactory.java:56)
      	at org.picocontainer.behaviors.AbstractBehavior.getComponentInstance(AbstractBehavior.java:64)
      	at org.picocontainer.behaviors.Stored.getComponentInstance(Stored.java:91)
      	at org.picocontainer.DefaultPicoContainer.getInstance(DefaultPicoContainer.java:699)
      	at org.picocontainer.DefaultPicoContainer.getComponent(DefaultPicoContainer.java:647)
      	at org.picocontainer.DefaultPicoContainer.getComponent(DefaultPicoContainer.java:632)
      	at org.picocontainer.parameters.BasicComponentParameter$1.resolveInstance(BasicComponentParameter.java:118)
      	at org.picocontainer.parameters.ComponentParameter$1.resolveInstance(ComponentParameter.java:136)
      	at org.picocontainer.injectors.SingleMemberInjector.getParameter(SingleMemberInjector.java:78)
      	at org.picocontainer.injectors.ConstructorInjector$CtorAndAdapters.getParameterArguments(ConstructorInjector.java:309)
      	at org.picocontainer.injectors.ConstructorInjector$1.run(ConstructorInjector.java:335)
      	at org.picocontainer.injectors.AbstractInjector$ThreadLocalCyclicDependencyGuard.observe(AbstractInjector.java:270)
      	at org.picocontainer.injectors.ConstructorInjector.getComponentInstance(ConstructorInjector.java:364)
      	at org.picocontainer.injectors.AbstractInjectionFactory$LifecycleAdapter.getComponentInstance(AbstractInjectionFactory.java:56)
      	at org.picocontainer.behaviors.AbstractBehavior.getComponentInstance(AbstractBehavior.java:64)
      	at org.picocontainer.behaviors.Stored.getComponentInstance(Stored.java:91)
      	at org.picocontainer.DefaultPicoContainer.getInstance(DefaultPicoContainer.java:699)
      	at org.picocontainer.DefaultPicoContainer.getComponent(DefaultPicoContainer.java:647)
      	at org.picocontainer.DefaultPicoContainer.getComponent(DefaultPicoContainer.java:678)
      	at cucumber.runtime.java.picocontainer.PicoFactory.getInstance(PicoFactory.java:40)
      	at cucumber.runtime.java.JavaStepDefinition.execute(JavaStepDefinition.java:38)
      	at cucumber.runtime.StepDefinitionMatch.runStep(StepDefinitionMatch.java:37)
      	at cucumber.runtime.Runtime.runStep(Runtime.java:300)
      	at cucumber.runtime.model.StepContainer.runStep(StepContainer.java:44)
      	at cucumber.runtime.model.StepContainer.runSteps(StepContainer.java:39)
      	at cucumber.runtime.model.CucumberScenario.run(CucumberScenario.java:44)
      	at cucumber.runtime.model.CucumberFeature.run(CucumberFeature.java:165)
      	at cucumber.api.testng.TestNGCucumberRunner.runCucumber(TestNGCucumberRunner.java:63)
      	at cucumber.api.testng.AbstractTestNGCucumberTests.feature(AbstractTestNGCucumberTests.java:21)
      	at sun.reflect.NativeMethodAccessorImpl.invoke0(Native Method)
      	at sun.reflect.NativeMethodAccessorImpl.invoke(NativeMethodAccessorImpl.java:62)
      	at sun.reflect.DelegatingMethodAccessorImpl.invoke(DelegatingMethodAccessorImpl.java:43)
      	at java.lang.reflect.Method.invoke(Method.java:498)
      	at org.testng.internal.MethodInvocationHelper.invokeMethod(MethodInvocationHelper.java:133)
      	at org.testng.internal.TestInvoker.invokeMethod(TestInvoker.java:584)
      	at org.testng.internal.TestInvoker.invokeTestMethod(TestInvoker.java:172)
      	at org.testng.internal.MethodRunner.runInSequence(MethodRunner.java:46)
      	at org.testng.internal.TestInvoker$MethodInvocationAgent.invoke(TestInvoker.java:804)
      	at org.testng.internal.TestInvoker.invokeTestMethods(TestInvoker.java:145)
      	at org.testng.internal.TestMethodWorker.invokeTestMethods(TestMethodWorker.java:146)
      	at org.testng.internal.TestMethodWorker.run(TestMethodWorker.java:128)
      	at java.util.ArrayList.forEach(ArrayList.java:1257)
      	at org.testng.TestRunner.privateRun(TestRunner.java:770)
      	at org.testng.TestRunner.run(TestRunner.java:591)
      	at org.testng.SuiteRunner.runTest(SuiteRunner.java:402)
      	at org.testng.SuiteRunner.runSequentially(SuiteRunner.java:396)
      	at org.testng.SuiteRunner.privateRun(SuiteRunner.java:355)
      	at org.testng.SuiteRunner.run(SuiteRunner.java:304)
      	at org.testng.SuiteRunnerWorker.runSuite(SuiteRunnerWorker.java:53)
      	at org.testng.SuiteRunnerWorker.run(SuiteRunnerWorker.java:96)
      	at org.testng.TestNG.runSuitesSequentially(TestNG.java:1180)
      	at org.testng.TestNG.runSuitesLocally(TestNG.java:1102)
      	at org.testng.TestNG.runSuites(TestNG.java:1032)
      	at org.testng.TestNG.run(TestNG.java:1000)
      	at org.apache.maven.surefire.testng.TestNGExecutor.run(TestNGExecutor.java:132)
      	at org.apache.maven.surefire.testng.TestNGDirectoryTestSuite.executeSingleClass(TestNGDirectoryTestSuite.java:112)
      	at org.apache.maven.surefire.testng.TestNGDirectoryTestSuite.execute(TestNGDirectoryTestSuite.java:99)
      	at org.apache.maven.surefire.testng.TestNGProvider.invoke(TestNGProvider.java:147)
      	at org.apache.maven.surefire.booter.ForkedBooter.invokeProviderInSameClassLoader(ForkedBooter.java:290)
      	at org.apache.maven.surefire.booter.ForkedBooter.runSuitesInProcess(ForkedBooter.java:242)
      	at org.apache.maven.surefire.booter.ForkedBooter.main(ForkedBooter.java:121)
      	at ?.When user is on the site(web/memberRegistration.feature:8)

    When user enters basic information                # memberRegistrationStepDef.user_enters_basic_information(InstituteInformation>)
    And clicks save button                            # memberRegistrationStepDef.clicks_save_button()
    Then the Institutional Expertise page should open # memberRegistrationStepDef.the_Institutional_Expertise_page_should_open()
]]></system-out>
    <system-err><![CDATA[SLF4J: Failed to load class "org.slf4j.impl.StaticLoggerBinder".
SLF4J: Defaulting to no-operation (NOP) logger implementation
SLF4J: See http://www.slf4j.org/codes.html#StaticLoggerBinder for further details.
]]></system-err>
  </testcase>
  <testcase name="feature" classname="com.iworktech.test.Framework.RunChromeWebSuite" time="1.159">
    <failure message="java.lang.NullPointerException" type="cucumber.runtime.CucumberException">cucumber.runtime.CucumberException: java.lang.NullPointerException
Caused by: java.lang.NullPointerException
</failure>
    <system-out><![CDATA[Feature: As a user I want to add the product in to the basket from the PLP page
Chrome
ScreenshotHook YASH
ScreenshotHook HELPER ADDED YASH
ScreenshotHookHELPER YASH
Failure in after hook:ScreenshotHook.embedScreenshot(Scenario)
Message: java.lang.NullPointerException
	at com.iworktech.test.Framework.Screenshot.ScreenshotHook.embedScreenshot(ScreenshotHook.java:44)
	at sun.reflect.NativeMethodAccessorImpl.invoke0(Native Method)
	at sun.reflect.NativeMethodAccessorImpl.invoke(NativeMethodAccessorImpl.java:62)
	at sun.reflect.DelegatingMethodAccessorImpl.invoke(DelegatingMethodAccessorImpl.java:43)
	at java.lang.reflect.Method.invoke(Method.java:498)
	at cucumber.runtime.Utils$1.call(Utils.java:40)
	at cucumber.runtime.Timeout.timeout(Timeout.java:16)
	at cucumber.runtime.Utils.invoke(Utils.java:34)
	at cucumber.runtime.java.JavaHookDefinition.execute(JavaHookDefinition.java:60)
	at cucumber.runtime.Runtime.runHookIfTagsMatch(Runtime.java:224)
	at cucumber.runtime.Runtime.runHooks(Runtime.java:212)
	at cucumber.runtime.Runtime.runAfterHooks(Runtime.java:206)
	at cucumber.runtime.model.CucumberScenario.run(CucumberScenario.java:46)
	at cucumber.runtime.model.CucumberFeature.run(CucumberFeature.java:165)
	at cucumber.api.testng.TestNGCucumberRunner.runCucumber(TestNGCucumberRunner.java:63)
	at cucumber.api.testng.AbstractTestNGCucumberTests.feature(AbstractTestNGCucumberTests.java:21)
	at sun.reflect.NativeMethodAccessorImpl.invoke0(Native Method)
	at sun.reflect.NativeMethodAccessorImpl.invoke(NativeMethodAccessorImpl.java:62)
	at sun.reflect.DelegatingMethodAccessorImpl.invoke(DelegatingMethodAccessorImpl.java:43)
	at java.lang.reflect.Method.invoke(Method.java:498)
	at org.testng.internal.MethodInvocationHelper.invokeMethod(MethodInvocationHelper.java:133)
	at org.testng.internal.TestInvoker.invokeMethod(TestInvoker.java:584)
	at org.testng.internal.TestInvoker.invokeTestMethod(TestInvoker.java:172)
	at org.testng.internal.MethodRunner.runInSequence(MethodRunner.java:46)
	at org.testng.internal.TestInvoker$MethodInvocationAgent.invoke(TestInvoker.java:804)
	at org.testng.internal.TestInvoker.invokeTestMethods(TestInvoker.java:145)
	at org.testng.internal.TestMethodWorker.invokeTestMethods(TestMethodWorker.java:146)
	at org.testng.internal.TestMethodWorker.run(TestMethodWorker.java:128)
	at java.util.ArrayList.forEach(ArrayList.java:1257)
	at org.testng.TestRunner.privateRun(TestRunner.java:770)
	at org.testng.TestRunner.run(TestRunner.java:591)
	at org.testng.SuiteRunner.runTest(SuiteRunner.java:402)
	at org.testng.SuiteRunner.runSequentially(SuiteRunner.java:396)
	at org.testng.SuiteRunner.privateRun(SuiteRunner.java:355)
	at org.testng.SuiteRunner.run(SuiteRunner.java:304)
	at org.testng.SuiteRunnerWorker.runSuite(SuiteRunnerWorker.java:53)
	at org.testng.SuiteRunnerWorker.run(SuiteRunnerWorker.java:96)
	at org.testng.TestNG.runSuitesSequentially(TestNG.java:1180)
	at org.testng.TestNG.runSuitesLocally(TestNG.java:1102)
	at org.testng.TestNG.runSuites(TestNG.java:1032)
	at org.testng.TestNG.run(TestNG.java:1000)
	at org.apache.maven.surefire.testng.TestNGExecutor.run(TestNGExecutor.java:132)
	at org.apache.maven.surefire.testng.TestNGDirectoryTestSuite.executeSingleClass(TestNGDirectoryTestSuite.java:112)
	at org.apache.maven.surefire.testng.TestNGDirectoryTestSuite.execute(TestNGDirectoryTestSuite.java:99)
	at org.apache.maven.surefire.testng.TestNGProvider.invoke(TestNGProvider.java:147)
	at org.apache.maven.surefire.booter.ForkedBooter.invokeProviderInSameClassLoader(ForkedBooter.java:290)
	at org.apache.maven.surefire.booter.ForkedBooter.runSuitesInProcess(ForkedBooter.java:242)
	at org.apache.maven.surefire.booter.ForkedBooter.main(ForkedBooter.java:121)

      java.lang.NullPointerException
      	at com.iworktech.test.Framework.Screenshot.ScreenshotHook.embedScreenshot(ScreenshotHook.java:44)
      	at sun.reflect.NativeMethodAccessorImpl.invoke0(Native Method)
      	at sun.reflect.NativeMethodAccessorImpl.invoke(NativeMethodAccessorImpl.java:62)
      	at sun.reflect.DelegatingMethodAccessorImpl.invoke(DelegatingMethodAccessorImpl.java:43)
      	at java.lang.reflect.Method.invoke(Method.java:498)
      	at cucumber.runtime.Utils$1.call(Utils.java:40)
      	at cucumber.runtime.Timeout.timeout(Timeout.java:16)
      	at cucumber.runtime.Utils.invoke(Utils.java:34)
      	at cucumber.runtime.java.JavaHookDefinition.execute(JavaHookDefinition.java:60)
      	at cucumber.runtime.Runtime.runHookIfTagsMatch(Runtime.java:224)
      	at cucumber.runtime.Runtime.runHooks(Runtime.java:212)
      	at cucumber.runtime.Runtime.runAfterHooks(Runtime.java:206)
      	at cucumber.runtime.model.CucumberScenario.run(CucumberScenario.java:46)
      	at cucumber.runtime.model.CucumberFeature.run(CucumberFeature.java:165)
      	at cucumber.api.testng.TestNGCucumberRunner.runCucumber(TestNGCucumberRunner.java:63)
      	at cucumber.api.testng.AbstractTestNGCucumberTests.feature(AbstractTestNGCucumberTests.java:21)
      	at sun.reflect.NativeMethodAccessorImpl.invoke0(Native Method)
      	at sun.reflect.NativeMethodAccessorImpl.invoke(NativeMethodAccessorImpl.java:62)
      	at sun.reflect.DelegatingMethodAccessorImpl.invoke(DelegatingMethodAccessorImpl.java:43)
      	at java.lang.reflect.Method.invoke(Method.java:498)
      	at org.testng.internal.MethodInvocationHelper.invokeMethod(MethodInvocationHelper.java:133)
      	at org.testng.internal.TestInvoker.invokeMethod(TestInvoker.java:584)
      	at org.testng.internal.TestInvoker.invokeTestMethod(TestInvoker.java:172)
      	at org.testng.internal.MethodRunner.runInSequence(MethodRunner.java:46)
      	at org.testng.internal.TestInvoker$MethodInvocationAgent.invoke(TestInvoker.java:804)
      	at org.testng.internal.TestInvoker.invokeTestMethods(TestInvoker.java:145)
      	at org.testng.internal.TestMethodWorker.invokeTestMethods(TestMethodWorker.java:146)
      	at org.testng.internal.TestMethodWorker.run(TestMethodWorker.java:128)
      	at java.util.ArrayList.forEach(ArrayList.java:1257)
      	at org.testng.TestRunner.privateRun(TestRunner.java:770)
      	at org.testng.TestRunner.run(TestRunner.java:591)
      	at org.testng.SuiteRunner.runTest(SuiteRunner.java:402)
      	at org.testng.SuiteRunner.runSequentially(SuiteRunner.java:396)
      	at org.testng.SuiteRunner.privateRun(SuiteRunner.java:355)
      	at org.testng.SuiteRunner.run(SuiteRunner.java:304)
      	at org.testng.SuiteRunnerWorker.runSuite(SuiteRunnerWorker.java:53)
      	at org.testng.SuiteRunnerWorker.run(SuiteRunnerWorker.java:96)
      	at org.testng.TestNG.runSuitesSequentially(TestNG.java:1180)
      	at org.testng.TestNG.runSuitesLocally(TestNG.java:1102)
      	at org.testng.TestNG.runSuites(TestNG.java:1032)
      	at org.testng.TestNG.run(TestNG.java:1000)
      	at org.apache.maven.surefire.testng.TestNGExecutor.run(TestNGExecutor.java:132)
      	at org.apache.maven.surefire.testng.TestNGDirectoryTestSuite.executeSingleClass(TestNGDirectoryTestSuite.java:112)
      	at org.apache.maven.surefire.testng.TestNGDirectoryTestSuite.execute(TestNGDirectoryTestSuite.java:99)
      	at org.apache.maven.surefire.testng.TestNGProvider.invoke(TestNGProvider.java:147)
      	at org.apache.maven.surefire.booter.ForkedBooter.invokeProviderInSameClassLoader(ForkedBooter.java:290)
      	at org.apache.maven.surefire.booter.ForkedBooter.runSuitesInProcess(ForkedBooter.java:242)
      	at org.apache.maven.surefire.booter.ForkedBooter.main(ForkedBooter.java:121)

Failure in after hook:memberRegistrationStepDef.pleaserun()
Message: java.lang.NullPointerException
	at java.util.Objects.requireNonNull(Objects.java:203)
	at org.openqa.selenium.support.ui.FluentWait.<init>(FluentWait.java:106)
	at org.openqa.selenium.support.ui.WebDriverWait.<init>(WebDriverWait.java:85)
	at org.openqa.selenium.support.ui.WebDriverWait.<init>(WebDriverWait.java:45)
	at com.iworktech.test.Framework.Framework.CommonMethods.<init>(CommonMethods.java:23)
	at com.iworktech.test.Framework.PageObjects.UserRegistration.<init>(UserRegistration.java:13)
	at sun.reflect.NativeConstructorAccessorImpl.newInstance0(Native Method)
	at sun.reflect.NativeConstructorAccessorImpl.newInstance(NativeConstructorAccessorImpl.java:62)
	at sun.reflect.DelegatingConstructorAccessorImpl.newInstance(DelegatingConstructorAccessorImpl.java:45)
	at java.lang.reflect.Constructor.newInstance(Constructor.java:423)
	at org.picocontainer.injectors.AbstractInjector.newInstance(AbstractInjector.java:145)
	at org.picocontainer.injectors.ConstructorInjector$1.run(ConstructorInjector.java:342)
	at org.picocontainer.injectors.AbstractInjector$ThreadLocalCyclicDependencyGuard.observe(AbstractInjector.java:270)
	at org.picocontainer.injectors.ConstructorInjector.getComponentInstance(ConstructorInjector.java:364)
	at org.picocontainer.injectors.AbstractInjectionFactory$LifecycleAdapter.getComponentInstance(AbstractInjectionFactory.java:56)
	at org.picocontainer.behaviors.AbstractBehavior.getComponentInstance(AbstractBehavior.java:64)
	at org.picocontainer.behaviors.Stored.getComponentInstance(Stored.java:91)
	at org.picocontainer.DefaultPicoContainer.getInstance(DefaultPicoContainer.java:699)
	at org.picocontainer.DefaultPicoContainer.getComponent(DefaultPicoContainer.java:647)
	at org.picocontainer.DefaultPicoContainer.getComponent(DefaultPicoContainer.java:632)
	at org.picocontainer.parameters.BasicComponentParameter$1.resolveInstance(BasicComponentParameter.java:118)
	at org.picocontainer.parameters.ComponentParameter$1.resolveInstance(ComponentParameter.java:136)
	at org.picocontainer.injectors.SingleMemberInjector.getParameter(SingleMemberInjector.java:78)
	at org.picocontainer.injectors.ConstructorInjector$CtorAndAdapters.getParameterArguments(ConstructorInjector.java:309)
	at org.picocontainer.injectors.ConstructorInjector$1.run(ConstructorInjector.java:335)
	at org.picocontainer.injectors.AbstractInjector$ThreadLocalCyclicDependencyGuard.observe(AbstractInjector.java:270)
	at org.picocontainer.injectors.ConstructorInjector.getComponentInstance(ConstructorInjector.java:364)
	at org.picocontainer.injectors.AbstractInjectionFactory$LifecycleAdapter.getComponentInstance(AbstractInjectionFactory.java:56)
	at org.picocontainer.behaviors.AbstractBehavior.getComponentInstance(AbstractBehavior.java:64)
	at org.picocontainer.behaviors.Stored.getComponentInstance(Stored.java:91)
	at org.picocontainer.DefaultPicoContainer.getInstance(DefaultPicoContainer.java:699)
	at org.picocontainer.DefaultPicoContainer.getComponent(DefaultPicoContainer.java:647)
	at org.picocontainer.DefaultPicoContainer.getComponent(DefaultPicoContainer.java:678)
	at cucumber.runtime.java.picocontainer.PicoFactory.getInstance(PicoFactory.java:40)
	at cucumber.runtime.java.JavaHookDefinition.execute(JavaHookDefinition.java:60)
	at cucumber.runtime.Runtime.runHookIfTagsMatch(Runtime.java:224)
	at cucumber.runtime.Runtime.runHooks(Runtime.java:212)
	at cucumber.runtime.Runtime.runAfterHooks(Runtime.java:206)
	at cucumber.runtime.model.CucumberScenario.run(CucumberScenario.java:46)
	at cucumber.runtime.model.CucumberFeature.run(CucumberFeature.java:165)
	at cucumber.api.testng.TestNGCucumberRunner.runCucumber(TestNGCucumberRunner.java:63)
	at cucumber.api.testng.AbstractTestNGCucumberTests.feature(AbstractTestNGCucumberTests.java:21)
	at sun.reflect.NativeMethodAccessorImpl.invoke0(Native Method)
	at sun.reflect.NativeMethodAccessorImpl.invoke(NativeMethodAccessorImpl.java:62)
	at sun.reflect.DelegatingMethodAccessorImpl.invoke(DelegatingMethodAccessorImpl.java:43)
	at java.lang.reflect.Method.invoke(Method.java:498)
	at org.testng.internal.MethodInvocationHelper.invokeMethod(MethodInvocationHelper.java:133)
	at org.testng.internal.TestInvoker.invokeMethod(TestInvoker.java:584)
	at org.testng.internal.TestInvoker.invokeTestMethod(TestInvoker.java:172)
	at org.testng.internal.MethodRunner.runInSequence(MethodRunner.java:46)
	at org.testng.internal.TestInvoker$MethodInvocationAgent.invoke(TestInvoker.java:804)
	at org.testng.internal.TestInvoker.invokeTestMethods(TestInvoker.java:145)
	at org.testng.internal.TestMethodWorker.invokeTestMethods(TestMethodWorker.java:146)
	at org.testng.internal.TestMethodWorker.run(TestMethodWorker.java:128)
	at java.util.ArrayList.forEach(ArrayList.java:1257)
	at org.testng.TestRunner.privateRun(TestRunner.java:770)
	at org.testng.TestRunner.run(TestRunner.java:591)
	at org.testng.SuiteRunner.runTest(SuiteRunner.java:402)
	at org.testng.SuiteRunner.runSequentially(SuiteRunner.java:396)
	at org.testng.SuiteRunner.privateRun(SuiteRunner.java:355)
	at org.testng.SuiteRunner.run(SuiteRunner.java:304)
	at org.testng.SuiteRunnerWorker.runSuite(SuiteRunnerWorker.java:53)
	at org.testng.SuiteRunnerWorker.run(SuiteRunnerWorker.java:96)
	at org.testng.TestNG.runSuitesSequentially(TestNG.java:1180)
	at org.testng.TestNG.runSuitesLocally(TestNG.java:1102)
	at org.testng.TestNG.runSuites(TestNG.java:1032)
	at org.testng.TestNG.run(TestNG.java:1000)
	at org.apache.maven.surefire.testng.TestNGExecutor.run(TestNGExecutor.java:132)
	at org.apache.maven.surefire.testng.TestNGDirectoryTestSuite.executeSingleClass(TestNGDirectoryTestSuite.java:112)
	at org.apache.maven.surefire.testng.TestNGDirectoryTestSuite.execute(TestNGDirectoryTestSuite.java:99)
	at org.apache.maven.surefire.testng.TestNGProvider.invoke(TestNGProvider.java:147)
	at org.apache.maven.surefire.booter.ForkedBooter.invokeProviderInSameClassLoader(ForkedBooter.java:290)
	at org.apache.maven.surefire.booter.ForkedBooter.runSuitesInProcess(ForkedBooter.java:242)
	at org.apache.maven.surefire.booter.ForkedBooter.main(ForkedBooter.java:121)

      java.lang.NullPointerException
      	at java.util.Objects.requireNonNull(Objects.java:203)
      	at org.openqa.selenium.support.ui.FluentWait.<init>(FluentWait.java:106)
      	at org.openqa.selenium.support.ui.WebDriverWait.<init>(WebDriverWait.java:85)
      	at org.openqa.selenium.support.ui.WebDriverWait.<init>(WebDriverWait.java:45)
      	at com.iworktech.test.Framework.Framework.CommonMethods.<init>(CommonMethods.java:23)
      	at com.iworktech.test.Framework.PageObjects.UserRegistration.<init>(UserRegistration.java:13)
      	at sun.reflect.NativeConstructorAccessorImpl.newInstance0(Native Method)
      	at sun.reflect.NativeConstructorAccessorImpl.newInstance(NativeConstructorAccessorImpl.java:62)
      	at sun.reflect.DelegatingConstructorAccessorImpl.newInstance(DelegatingConstructorAccessorImpl.java:45)
      	at java.lang.reflect.Constructor.newInstance(Constructor.java:423)
      	at org.picocontainer.injectors.AbstractInjector.newInstance(AbstractInjector.java:145)
      	at org.picocontainer.injectors.ConstructorInjector$1.run(ConstructorInjector.java:342)
      	at org.picocontainer.injectors.AbstractInjector$ThreadLocalCyclicDependencyGuard.observe(AbstractInjector.java:270)
      	at org.picocontainer.injectors.ConstructorInjector.getComponentInstance(ConstructorInjector.java:364)
      	at org.picocontainer.injectors.AbstractInjectionFactory$LifecycleAdapter.getComponentInstance(AbstractInjectionFactory.java:56)
      	at org.picocontainer.behaviors.AbstractBehavior.getComponentInstance(AbstractBehavior.java:64)
      	at org.picocontainer.behaviors.Stored.getComponentInstance(Stored.java:91)
      	at org.picocontainer.DefaultPicoContainer.getInstance(DefaultPicoContainer.java:699)
      	at org.picocontainer.DefaultPicoContainer.getComponent(DefaultPicoContainer.java:647)
      	at org.picocontainer.DefaultPicoContainer.getComponent(DefaultPicoContainer.java:632)
      	at org.picocontainer.parameters.BasicComponentParameter$1.resolveInstance(BasicComponentParameter.java:118)
      	at org.picocontainer.parameters.ComponentParameter$1.resolveInstance(ComponentParameter.java:136)
      	at org.picocontainer.injectors.SingleMemberInjector.getParameter(SingleMemberInjector.java:78)
      	at org.picocontainer.injectors.ConstructorInjector$CtorAndAdapters.getParameterArguments(ConstructorInjector.java:309)
      	at org.picocontainer.injectors.ConstructorInjector$1.run(ConstructorInjector.java:335)
      	at org.picocontainer.injectors.AbstractInjector$ThreadLocalCyclicDependencyGuard.observe(AbstractInjector.java:270)
      	at org.picocontainer.injectors.ConstructorInjector.getComponentInstance(ConstructorInjector.java:364)
      	at org.picocontainer.injectors.AbstractInjectionFactory$LifecycleAdapter.getComponentInstance(AbstractInjectionFactory.java:56)
      	at org.picocontainer.behaviors.AbstractBehavior.getComponentInstance(AbstractBehavior.java:64)
      	at org.picocontainer.behaviors.Stored.getComponentInstance(Stored.java:91)
      	at org.picocontainer.DefaultPicoContainer.getInstance(DefaultPicoContainer.java:699)
      	at org.picocontainer.DefaultPicoContainer.getComponent(DefaultPicoContainer.java:647)
      	at org.picocontainer.DefaultPicoContainer.getComponent(DefaultPicoContainer.java:678)
      	at cucumber.runtime.java.picocontainer.PicoFactory.getInstance(PicoFactory.java:40)
      	at cucumber.runtime.java.JavaHookDefinition.execute(JavaHookDefinition.java:60)
      	at cucumber.runtime.Runtime.runHookIfTagsMatch(Runtime.java:224)
      	at cucumber.runtime.Runtime.runHooks(Runtime.java:212)
      	at cucumber.runtime.Runtime.runAfterHooks(Runtime.java:206)
      	at cucumber.runtime.model.CucumberScenario.run(CucumberScenario.java:46)
      	at cucumber.runtime.model.CucumberFeature.run(CucumberFeature.java:165)
      	at cucumber.api.testng.TestNGCucumberRunner.runCucumber(TestNGCucumberRunner.java:63)
      	at cucumber.api.testng.AbstractTestNGCucumberTests.feature(AbstractTestNGCucumberTests.java:21)
      	at sun.reflect.NativeMethodAccessorImpl.invoke0(Native Method)
      	at sun.reflect.NativeMethodAccessorImpl.invoke(NativeMethodAccessorImpl.java:62)
      	at sun.reflect.DelegatingMethodAccessorImpl.invoke(DelegatingMethodAccessorImpl.java:43)
      	at java.lang.reflect.Method.invoke(Method.java:498)
      	at org.testng.internal.MethodInvocationHelper.invokeMethod(MethodInvocationHelper.java:133)
      	at org.testng.internal.TestInvoker.invokeMethod(TestInvoker.java:584)
      	at org.testng.internal.TestInvoker.invokeTestMethod(TestInvoker.java:172)
      	at org.testng.internal.MethodRunner.runInSequence(MethodRunner.java:46)
      	at org.testng.internal.TestInvoker$MethodInvocationAgent.invoke(TestInvoker.java:804)
      	at org.testng.internal.TestInvoker.invokeTestMethods(TestInvoker.java:145)
      	at org.testng.internal.TestMethodWorker.invokeTestMethods(TestMethodWorker.java:146)
      	at org.testng.internal.TestMethodWorker.run(TestMethodWorker.java:128)
      	at java.util.ArrayList.forEach(ArrayList.java:1257)
      	at org.testng.TestRunner.privateRun(TestRunner.java:770)
      	at org.testng.TestRunner.run(TestRunner.java:591)
      	at org.testng.SuiteRunner.runTest(SuiteRunner.java:402)
      	at org.testng.SuiteRunner.runSequentially(SuiteRunner.java:396)
      	at org.testng.SuiteRunner.privateRun(SuiteRunner.java:355)
      	at org.testng.SuiteRunner.run(SuiteRunner.java:304)
      	at org.testng.SuiteRunnerWorker.runSuite(SuiteRunnerWorker.java:53)
      	at org.testng.SuiteRunnerWorker.run(SuiteRunnerWorker.java:96)
      	at org.testng.TestNG.runSuitesSequentially(TestNG.java:1180)
      	at org.testng.TestNG.runSuitesLocally(TestNG.java:1102)
      	at org.testng.TestNG.runSuites(TestNG.java:1032)
      	at org.testng.TestNG.run(TestNG.java:1000)
      	at org.apache.maven.surefire.testng.TestNGExecutor.run(TestNGExecutor.java:132)
      	at org.apache.maven.surefire.testng.TestNGDirectoryTestSuite.executeSingleClass(TestNGDirectoryTestSuite.java:112)
      	at org.apache.maven.surefire.testng.TestNGDirectoryTestSuite.execute(TestNGDirectoryTestSuite.java:99)
      	at org.apache.maven.surefire.testng.TestNGProvider.invoke(TestNGProvider.java:147)
      	at org.apache.maven.surefire.booter.ForkedBooter.invokeProviderInSameClassLoader(ForkedBooter.java:290)
      	at org.apache.maven.surefire.booter.ForkedBooter.runSuitesInProcess(ForkedBooter.java:242)
      	at org.apache.maven.surefire.booter.ForkedBooter.main(ForkedBooter.java:121)


  @failed
  Scenario: Add the product into the basket and verify if its getting added                      # web/test.feature:4
    When user is on the site                                                                     # testMe.user_is_on_the_site()
      java.lang.NullPointerException
      	at java.util.Properties$LineReader.readLine(Properties.java:434)
      	at java.util.Properties.load0(Properties.java:353)
      	at java.util.Properties.load(Properties.java:341)
      	at com.iworktech.test.Framework.Framework.Builder.<init>(Builder.java:40)
      	at sun.reflect.NativeConstructorAccessorImpl.newInstance0(Native Method)
      	at sun.reflect.NativeConstructorAccessorImpl.newInstance(NativeConstructorAccessorImpl.java:62)
      	at sun.reflect.DelegatingConstructorAccessorImpl.newInstance(DelegatingConstructorAccessorImpl.java:45)
      	at java.lang.reflect.Constructor.newInstance(Constructor.java:423)
      	at org.picocontainer.injectors.AbstractInjector.newInstance(AbstractInjector.java:145)
      	at org.picocontainer.injectors.ConstructorInjector$1.run(ConstructorInjector.java:342)
      	at org.picocontainer.injectors.AbstractInjector$ThreadLocalCyclicDependencyGuard.observe(AbstractInjector.java:270)
      	at org.picocontainer.injectors.ConstructorInjector.getComponentInstance(ConstructorInjector.java:364)
      	at org.picocontainer.injectors.AbstractInjectionFactory$LifecycleAdapter.getComponentInstance(AbstractInjectionFactory.java:56)
      	at org.picocontainer.behaviors.AbstractBehavior.getComponentInstance(AbstractBehavior.java:64)
      	at org.picocontainer.behaviors.Stored.getComponentInstance(Stored.java:91)
      	at org.picocontainer.DefaultPicoContainer.getInstance(DefaultPicoContainer.java:699)
      	at org.picocontainer.DefaultPicoContainer.getComponent(DefaultPicoContainer.java:647)
      	at org.picocontainer.DefaultPicoContainer.getComponent(DefaultPicoContainer.java:632)
      	at org.picocontainer.parameters.BasicComponentParameter$1.resolveInstance(BasicComponentParameter.java:118)
      	at org.picocontainer.parameters.ComponentParameter$1.resolveInstance(ComponentParameter.java:136)
      	at org.picocontainer.injectors.SingleMemberInjector.getParameter(SingleMemberInjector.java:78)
      	at org.picocontainer.injectors.ConstructorInjector$CtorAndAdapters.getParameterArguments(ConstructorInjector.java:309)
      	at org.picocontainer.injectors.ConstructorInjector$1.run(ConstructorInjector.java:335)
      	at org.picocontainer.injectors.AbstractInjector$ThreadLocalCyclicDependencyGuard.observe(AbstractInjector.java:270)
      	at org.picocontainer.injectors.ConstructorInjector.getComponentInstance(ConstructorInjector.java:364)
      	at org.picocontainer.injectors.AbstractInjectionFactory$LifecycleAdapter.getComponentInstance(AbstractInjectionFactory.java:56)
      	at org.picocontainer.behaviors.AbstractBehavior.getComponentInstance(AbstractBehavior.java:64)
      	at org.picocontainer.behaviors.Stored.getComponentInstance(Stored.java:91)
      	at org.picocontainer.DefaultPicoContainer.getInstance(DefaultPicoContainer.java:699)
      	at org.picocontainer.DefaultPicoContainer.getComponent(DefaultPicoContainer.java:647)
      	at org.picocontainer.DefaultPicoContainer.getComponent(DefaultPicoContainer.java:678)
      	at cucumber.runtime.java.picocontainer.PicoFactory.getInstance(PicoFactory.java:40)
      	at cucumber.runtime.java.JavaStepDefinition.execute(JavaStepDefinition.java:38)
      	at cucumber.runtime.StepDefinitionMatch.runStep(StepDefinitionMatch.java:37)
      	at cucumber.runtime.Runtime.runStep(Runtime.java:300)
      	at cucumber.runtime.model.StepContainer.runStep(StepContainer.java:44)
      	at cucumber.runtime.model.StepContainer.runSteps(StepContainer.java:39)
      	at cucumber.runtime.model.CucumberScenario.run(CucumberScenario.java:44)
      	at cucumber.runtime.model.CucumberFeature.run(CucumberFeature.java:165)
      	at cucumber.api.testng.TestNGCucumberRunner.runCucumber(TestNGCucumberRunner.java:63)
      	at cucumber.api.testng.AbstractTestNGCucumberTests.feature(AbstractTestNGCucumberTests.java:21)
      	at sun.reflect.NativeMethodAccessorImpl.invoke0(Native Method)
      	at sun.reflect.NativeMethodAccessorImpl.invoke(NativeMethodAccessorImpl.java:62)
      	at sun.reflect.DelegatingMethodAccessorImpl.invoke(DelegatingMethodAccessorImpl.java:43)
      	at java.lang.reflect.Method.invoke(Method.java:498)
      	at org.testng.internal.MethodInvocationHelper.invokeMethod(MethodInvocationHelper.java:133)
      	at org.testng.internal.TestInvoker.invokeMethod(TestInvoker.java:584)
      	at org.testng.internal.TestInvoker.invokeTestMethod(TestInvoker.java:172)
      	at org.testng.internal.MethodRunner.runInSequence(MethodRunner.java:46)
      	at org.testng.internal.TestInvoker$MethodInvocationAgent.invoke(TestInvoker.java:804)
      	at org.testng.internal.TestInvoker.invokeTestMethods(TestInvoker.java:145)
      	at org.testng.internal.TestMethodWorker.invokeTestMethods(TestMethodWorker.java:146)
      	at org.testng.internal.TestMethodWorker.run(TestMethodWorker.java:128)
      	at java.util.ArrayList.forEach(ArrayList.java:1257)
      	at org.testng.TestRunner.privateRun(TestRunner.java:770)
      	at org.testng.TestRunner.run(TestRunner.java:591)
      	at org.testng.SuiteRunner.runTest(SuiteRunner.java:402)
      	at org.testng.SuiteRunner.runSequentially(SuiteRunner.java:396)
      	at org.testng.SuiteRunner.privateRun(SuiteRunner.java:355)
      	at org.testng.SuiteRunner.run(SuiteRunner.java:304)
      	at org.testng.SuiteRunnerWorker.runSuite(SuiteRunnerWorker.java:53)
      	at org.testng.SuiteRunnerWorker.run(SuiteRunnerWorker.java:96)
      	at org.testng.TestNG.runSuitesSequentially(TestNG.java:1180)
      	at org.testng.TestNG.runSuitesLocally(TestNG.java:1102)
      	at org.testng.TestNG.runSuites(TestNG.java:1032)
      	at org.testng.TestNG.run(TestNG.java:1000)
      	at org.apache.maven.surefire.testng.TestNGExecutor.run(TestNGExecutor.java:132)
      	at org.apache.maven.surefire.testng.TestNGDirectoryTestSuite.executeSingleClass(TestNGDirectoryTestSuite.java:112)
      	at org.apache.maven.surefire.testng.TestNGDirectoryTestSuite.execute(TestNGDirectoryTestSuite.java:99)
      	at org.apache.maven.surefire.testng.TestNGProvider.invoke(TestNGProvider.java:147)
      	at org.apache.maven.surefire.booter.ForkedBooter.invokeProviderInSameClassLoader(ForkedBooter.java:290)
      	at org.apache.maven.surefire.booter.ForkedBooter.runSuitesInProcess(ForkedBooter.java:242)
      	at org.apache.maven.surefire.booter.ForkedBooter.main(ForkedBooter.java:121)
      	at ?.When user is on the site(web/test.feature:5)

    Then the added product "<product name>" should be successfully getting added into the basket # testMe.the_added_product_should_be_successfully_getting_added_into_the_basket(String)
    And sdsd                                                                                     # MyStepdefs.sdsd()
]]></system-out>
  </testcase>
</testsuite>